I, [2018-03-28T11:16:46.642015 #64192]  INFO -- Kitchen: -----> Starting Kitchen (v1.20.0)
I, [2018-03-28T11:16:46.748827 #64192]  INFO -- Kitchen: -----> Setting up <kvm-c7>...
I, [2018-03-28T11:16:46.750287 #64192]  INFO -- Kitchen: -----> Verifying <kvm-c7>...
E, [2018-03-28T11:16:52.150485 #64192] ERROR -- Kitchen: ------Exception-------
E, [2018-03-28T11:16:52.150526 #64192] ERROR -- Kitchen: Class: Kitchen::ActionFailed
E, [2018-03-28T11:16:52.150547 #64192] ERROR -- Kitchen: Message: 1 actions failed.
>>>>>>     Verify failed on instance <kvm-c7>.  Please see .kitchen/logs/kvm-c7.log for more details
E, [2018-03-28T11:16:52.150566 #64192] ERROR -- Kitchen: ----------------------
E, [2018-03-28T11:16:52.150582 #64192] ERROR -- Kitchen: ------Backtrace-------
E, [2018-03-28T11:16:52.150598 #64192] ERROR -- Kitchen: /Users/marc/.rvm/gems/ruby-2.3.3@ansible-abiquo/gems/test-kitchen-1.20.0/lib/kitchen/command.rb:183:in `report_errors'
E, [2018-03-28T11:16:52.150614 #64192] ERROR -- Kitchen: /Users/marc/.rvm/gems/ruby-2.3.3@ansible-abiquo/gems/test-kitchen-1.20.0/lib/kitchen/command.rb:174:in `run_action'
E, [2018-03-28T11:16:52.150631 #64192] ERROR -- Kitchen: /Users/marc/.rvm/gems/ruby-2.3.3@ansible-abiquo/gems/test-kitchen-1.20.0/lib/kitchen/command/action.rb:36:in `block in call'
E, [2018-03-28T11:16:52.150648 #64192] ERROR -- Kitchen: /Users/marc/.rvm/rubies/ruby-2.3.3/lib/ruby/2.3.0/benchmark.rb:293:in `measure'
E, [2018-03-28T11:16:52.150664 #64192] ERROR -- Kitchen: /Users/marc/.rvm/gems/ruby-2.3.3@ansible-abiquo/gems/test-kitchen-1.20.0/lib/kitchen/command/action.rb:34:in `call'
E, [2018-03-28T11:16:52.150695 #64192] ERROR -- Kitchen: /Users/marc/.rvm/gems/ruby-2.3.3@ansible-abiquo/gems/test-kitchen-1.20.0/lib/kitchen/cli.rb:52:in `perform'
E, [2018-03-28T11:16:52.150713 #64192] ERROR -- Kitchen: /Users/marc/.rvm/gems/ruby-2.3.3@ansible-abiquo/gems/test-kitchen-1.20.0/lib/kitchen/cli.rb:193:in `block (2 levels) in <class:CLI>'
E, [2018-03-28T11:16:52.150729 #64192] ERROR -- Kitchen: /Users/marc/.rvm/gems/ruby-2.3.3@ansible-abiquo/gems/thor-0.19.1/lib/thor/command.rb:27:in `run'
E, [2018-03-28T11:16:52.150745 #64192] ERROR -- Kitchen: /Users/marc/.rvm/gems/ruby-2.3.3@ansible-abiquo/gems/thor-0.19.1/lib/thor/invocation.rb:126:in `invoke_command'
E, [2018-03-28T11:16:52.150762 #64192] ERROR -- Kitchen: /Users/marc/.rvm/gems/ruby-2.3.3@ansible-abiquo/gems/thor-0.19.1/lib/thor.rb:359:in `dispatch'
E, [2018-03-28T11:16:52.150778 #64192] ERROR -- Kitchen: /Users/marc/.rvm/gems/ruby-2.3.3@ansible-abiquo/gems/thor-0.19.1/lib/thor/base.rb:440:in `start'
E, [2018-03-28T11:16:52.150794 #64192] ERROR -- Kitchen: /Users/marc/.rvm/gems/ruby-2.3.3@ansible-abiquo/gems/test-kitchen-1.20.0/bin/kitchen:13:in `block in <top (required)>'
E, [2018-03-28T11:16:52.150810 #64192] ERROR -- Kitchen: /Users/marc/.rvm/gems/ruby-2.3.3@ansible-abiquo/gems/test-kitchen-1.20.0/lib/kitchen/errors.rb:171:in `with_friendly_errors'
E, [2018-03-28T11:16:52.150826 #64192] ERROR -- Kitchen: /Users/marc/.rvm/gems/ruby-2.3.3@ansible-abiquo/gems/test-kitchen-1.20.0/bin/kitchen:13:in `<top (required)>'
E, [2018-03-28T11:16:52.150842 #64192] ERROR -- Kitchen: /Users/marc/.rvm/gems/ruby-2.3.3@ansible-abiquo/bin/kitchen:23:in `load'
E, [2018-03-28T11:16:52.150858 #64192] ERROR -- Kitchen: /Users/marc/.rvm/gems/ruby-2.3.3@ansible-abiquo/bin/kitchen:23:in `<main>'
E, [2018-03-28T11:16:52.150874 #64192] ERROR -- Kitchen: /Users/marc/.rvm/gems/ruby-2.3.3@ansible-abiquo/bin/ruby_executable_hooks:15:in `eval'
E, [2018-03-28T11:16:52.150890 #64192] ERROR -- Kitchen: /Users/marc/.rvm/gems/ruby-2.3.3@ansible-abiquo/bin/ruby_executable_hooks:15:in `<main>'
E, [2018-03-28T11:16:52.150906 #64192] ERROR -- Kitchen: ----End Backtrace-----
E, [2018-03-28T11:16:52.150921 #64192] ERROR -- Kitchen: -Composite Exception--
E, [2018-03-28T11:16:52.150937 #64192] ERROR -- Kitchen: Class: Kitchen::InstanceFailure
E, [2018-03-28T11:16:52.150952 #64192] ERROR -- Kitchen: Message: Verify failed on instance <kvm-c7>.  Please see .kitchen/logs/kvm-c7.log for more details
E, [2018-03-28T11:16:52.150968 #64192] ERROR -- Kitchen: ----------------------
E, [2018-03-28T11:16:52.151003 #64192] ERROR -- Kitchen: ------Backtrace-------
E, [2018-03-28T11:16:52.151020 #64192] ERROR -- Kitchen: /Users/marc/.rvm/gems/ruby-2.3.3@ansible-abiquo/gems/test-kitchen-1.20.0/lib/kitchen/verifier/base.rb:80:in `rescue in call'
E, [2018-03-28T11:16:52.151037 #64192] ERROR -- Kitchen: /Users/marc/.rvm/gems/ruby-2.3.3@ansible-abiquo/gems/test-kitchen-1.20.0/lib/kitchen/verifier/base.rb:83:in `call'
E, [2018-03-28T11:16:52.151053 #64192] ERROR -- Kitchen: /Users/marc/.rvm/gems/ruby-2.3.3@ansible-abiquo/gems/test-kitchen-1.20.0/lib/kitchen/instance.rb:443:in `block in verify_action'
E, [2018-03-28T11:16:52.151069 #64192] ERROR -- Kitchen: /Users/marc/.rvm/gems/ruby-2.3.3@ansible-abiquo/gems/test-kitchen-1.20.0/lib/kitchen/instance.rb:536:in `synchronize_or_call'
E, [2018-03-28T11:16:52.151085 #64192] ERROR -- Kitchen: /Users/marc/.rvm/gems/ruby-2.3.3@ansible-abiquo/gems/test-kitchen-1.20.0/lib/kitchen/instance.rb:498:in `block in action'
E, [2018-03-28T11:16:52.151101 #64192] ERROR -- Kitchen: /Users/marc/.rvm/rubies/ruby-2.3.3/lib/ruby/2.3.0/benchmark.rb:293:in `measure'
E, [2018-03-28T11:16:52.151117 #64192] ERROR -- Kitchen: /Users/marc/.rvm/gems/ruby-2.3.3@ansible-abiquo/gems/test-kitchen-1.20.0/lib/kitchen/instance.rb:497:in `action'
E, [2018-03-28T11:16:52.151132 #64192] ERROR -- Kitchen: /Users/marc/.rvm/gems/ruby-2.3.3@ansible-abiquo/gems/test-kitchen-1.20.0/lib/kitchen/instance.rb:435:in `verify_action'
E, [2018-03-28T11:16:52.151148 #64192] ERROR -- Kitchen: /Users/marc/.rvm/gems/ruby-2.3.3@ansible-abiquo/gems/test-kitchen-1.20.0/lib/kitchen/instance.rb:368:in `block in transition_to'
E, [2018-03-28T11:16:52.151164 #64192] ERROR -- Kitchen: /Users/marc/.rvm/gems/ruby-2.3.3@ansible-abiquo/gems/test-kitchen-1.20.0/lib/kitchen/instance.rb:367:in `each'
E, [2018-03-28T11:16:52.151206 #64192] ERROR -- Kitchen: /Users/marc/.rvm/gems/ruby-2.3.3@ansible-abiquo/gems/test-kitchen-1.20.0/lib/kitchen/instance.rb:367:in `transition_to'
E, [2018-03-28T11:16:52.151222 #64192] ERROR -- Kitchen: /Users/marc/.rvm/gems/ruby-2.3.3@ansible-abiquo/gems/test-kitchen-1.20.0/lib/kitchen/instance.rb:157:in `verify'
E, [2018-03-28T11:16:52.151238 #64192] ERROR -- Kitchen: /Users/marc/.rvm/gems/ruby-2.3.3@ansible-abiquo/gems/test-kitchen-1.20.0/lib/kitchen/command.rb:197:in `public_send'
E, [2018-03-28T11:16:52.151254 #64192] ERROR -- Kitchen: /Users/marc/.rvm/gems/ruby-2.3.3@ansible-abiquo/gems/test-kitchen-1.20.0/lib/kitchen/command.rb:197:in `run_action_in_thread'
E, [2018-03-28T11:16:52.151270 #64192] ERROR -- Kitchen: /Users/marc/.rvm/gems/ruby-2.3.3@ansible-abiquo/gems/test-kitchen-1.20.0/lib/kitchen/command.rb:169:in `block (2 levels) in run_action'
E, [2018-03-28T11:16:52.151285 #64192] ERROR -- Kitchen: ----End Backtrace-----
E, [2018-03-28T11:16:52.151301 #64192] ERROR -- Kitchen: ---Nested Exception---
E, [2018-03-28T11:16:52.151316 #64192] ERROR -- Kitchen: Class: Kitchen::ActionFailed
E, [2018-03-28T11:16:52.151331 #64192] ERROR -- Kitchen: Message: SSH exited (1) for command: [sh -c '
TEST_KITCHEN="1"; export TEST_KITCHEN
BUSSER_ROOT="/tmp/verifier"; export BUSSER_ROOT
GEM_HOME="/tmp/verifier/gems"; export GEM_HOME
GEM_PATH="/tmp/verifier/gems"; export GEM_PATH
GEM_CACHE="/tmp/verifier/gems/cache"; export GEM_CACHE

sudo -E /tmp/verifier/bin/busser test serverspec
']
E, [2018-03-28T11:16:52.151347 #64192] ERROR -- Kitchen: ----------------------
E, [2018-03-28T11:16:52.151362 #64192] ERROR -- Kitchen: ------Backtrace-------
E, [2018-03-28T11:16:52.151377 #64192] ERROR -- Kitchen: /Users/marc/.rvm/gems/ruby-2.3.3@ansible-abiquo/gems/test-kitchen-1.20.0/lib/kitchen/verifier/base.rb:80:in `rescue in call'
E, [2018-03-28T11:16:52.151393 #64192] ERROR -- Kitchen: /Users/marc/.rvm/gems/ruby-2.3.3@ansible-abiquo/gems/test-kitchen-1.20.0/lib/kitchen/verifier/base.rb:83:in `call'
E, [2018-03-28T11:16:52.151409 #64192] ERROR -- Kitchen: /Users/marc/.rvm/gems/ruby-2.3.3@ansible-abiquo/gems/test-kitchen-1.20.0/lib/kitchen/instance.rb:443:in `block in verify_action'
E, [2018-03-28T11:16:52.151440 #64192] ERROR -- Kitchen: /Users/marc/.rvm/gems/ruby-2.3.3@ansible-abiquo/gems/test-kitchen-1.20.0/lib/kitchen/instance.rb:536:in `synchronize_or_call'
E, [2018-03-28T11:16:52.151457 #64192] ERROR -- Kitchen: /Users/marc/.rvm/gems/ruby-2.3.3@ansible-abiquo/gems/test-kitchen-1.20.0/lib/kitchen/instance.rb:498:in `block in action'
E, [2018-03-28T11:16:52.151473 #64192] ERROR -- Kitchen: /Users/marc/.rvm/rubies/ruby-2.3.3/lib/ruby/2.3.0/benchmark.rb:293:in `measure'
E, [2018-03-28T11:16:52.151489 #64192] ERROR -- Kitchen: /Users/marc/.rvm/gems/ruby-2.3.3@ansible-abiquo/gems/test-kitchen-1.20.0/lib/kitchen/instance.rb:497:in `action'
E, [2018-03-28T11:16:52.151505 #64192] ERROR -- Kitchen: /Users/marc/.rvm/gems/ruby-2.3.3@ansible-abiquo/gems/test-kitchen-1.20.0/lib/kitchen/instance.rb:435:in `verify_action'
E, [2018-03-28T11:16:52.151521 #64192] ERROR -- Kitchen: /Users/marc/.rvm/gems/ruby-2.3.3@ansible-abiquo/gems/test-kitchen-1.20.0/lib/kitchen/instance.rb:368:in `block in transition_to'
E, [2018-03-28T11:16:52.151536 #64192] ERROR -- Kitchen: /Users/marc/.rvm/gems/ruby-2.3.3@ansible-abiquo/gems/test-kitchen-1.20.0/lib/kitchen/instance.rb:367:in `each'
E, [2018-03-28T11:16:52.151552 #64192] ERROR -- Kitchen: /Users/marc/.rvm/gems/ruby-2.3.3@ansible-abiquo/gems/test-kitchen-1.20.0/lib/kitchen/instance.rb:367:in `transition_to'
E, [2018-03-28T11:16:52.151568 #64192] ERROR -- Kitchen: /Users/marc/.rvm/gems/ruby-2.3.3@ansible-abiquo/gems/test-kitchen-1.20.0/lib/kitchen/instance.rb:157:in `verify'
E, [2018-03-28T11:16:52.151584 #64192] ERROR -- Kitchen: /Users/marc/.rvm/gems/ruby-2.3.3@ansible-abiquo/gems/test-kitchen-1.20.0/lib/kitchen/command.rb:197:in `public_send'
E, [2018-03-28T11:16:52.151619 #64192] ERROR -- Kitchen: /Users/marc/.rvm/gems/ruby-2.3.3@ansible-abiquo/gems/test-kitchen-1.20.0/lib/kitchen/command.rb:197:in `run_action_in_thread'
E, [2018-03-28T11:16:52.151635 #64192] ERROR -- Kitchen: /Users/marc/.rvm/gems/ruby-2.3.3@ansible-abiquo/gems/test-kitchen-1.20.0/lib/kitchen/command.rb:169:in `block (2 levels) in run_action'
E, [2018-03-28T11:16:52.151651 #64192] ERROR -- Kitchen: ----End Backtrace-----
